c:\users\jksy9\onedrive\바탕 화면\공부\발표\sr framework\framework\engine\default\x64\debug\vc140.pdb
c:\users\jksy9\onedrive\바탕 화면\공부\발표\sr framework\framework\engine\default\x64\debug\vc140.idb
c:\users\jksy9\onedrive\바탕 화면\공부\발표\sr framework\framework\engine\default\x64\debug\base.obj
c:\users\jksy9\onedrive\바탕 화면\공부\발표\sr framework\framework\engine\default\x64\debug\gameinstance.obj
c:\users\jksy9\onedrive\바탕 화면\공부\발표\sr framework\framework\engine\default\x64\debug\gameobj.obj
c:\users\jksy9\onedrive\바탕 화면\공부\발표\sr framework\framework\engine\default\x64\debug\graphic_device.obj
c:\users\jksy9\onedrive\바탕 화면\공부\발표\sr framework\framework\engine\default\x64\debug\layer.obj
c:\users\jksy9\onedrive\바탕 화면\공부\발표\sr framework\framework\engine\default\x64\debug\level.obj
c:\users\jksy9\onedrive\바탕 화면\공부\발표\sr framework\framework\engine\default\x64\debug\levelmgr.obj
c:\users\jksy9\onedrive\바탕 화면\공부\발표\sr framework\framework\engine\default\x64\debug\objmgr.obj
c:\users\jksy9\onedrive\바탕 화면\공부\발표\sr framework\framework\engine\default\x64\debug\timemgr.obj
c:\users\jksy9\onedrive\바탕 화면\공부\발표\sr framework\framework\engine\default\x64\debug\timer.obj
c:\users\jksy9\onedrive\바탕 화면\공부\발표\sr framework\framework\engine\bin\engine.lib
c:\users\jksy9\onedrive\바탕 화면\공부\발표\sr framework\framework\engine\bin\engine.exp
c:\users\jksy9\onedrive\바탕 화면\공부\발표\sr framework\framework\engine\bin\engine.ilk
c:\users\jksy9\onedrive\바탕 화면\공부\발표\sr framework\framework\engine\bin\engine.dll
c:\users\jksy9\onedrive\바탕 화면\공부\발표\sr framework\framework\engine\bin\engine.pdb
c:\users\jksy9\onedrive\바탕 화면\공부\발표\sr framework\framework\engine\default\..\bin\engine.dll
c:\users\jksy9\onedrive\바탕 화면\공부\발표\sr framework\framework\engine\default\x64\debug\engine.tlog\cl.command.1.tlog
c:\users\jksy9\onedrive\바탕 화면\공부\발표\sr framework\framework\engine\default\x64\debug\engine.tlog\cl.read.1.tlog
c:\users\jksy9\onedrive\바탕 화면\공부\발표\sr framework\framework\engine\default\x64\debug\engine.tlog\cl.write.1.tlog
c:\users\jksy9\onedrive\바탕 화면\공부\발표\sr framework\framework\engine\default\x64\debug\engine.tlog\engine.write.1u.tlog
c:\users\jksy9\onedrive\바탕 화면\공부\발표\sr framework\framework\engine\default\x64\debug\engine.tlog\link.command.1.tlog
c:\users\jksy9\onedrive\바탕 화면\공부\발표\sr framework\framework\engine\default\x64\debug\engine.tlog\link.read.1.tlog
c:\users\jksy9\onedrive\바탕 화면\공부\발표\sr framework\framework\engine\default\x64\debug\engine.tlog\link.write.1.tlog
